<?xml version="1.0" encoding="utf-8" standalone="no"?>
<test-run id="2" testcasecount="2" result="Failed" total="2" passed="1" failed="1" inconclusive="0" skipped="0" asserts="4" engine-version="3.2.1.0" clr-version="4.0.30319.42000" start-time="2016-05-03 08:55:12Z" end-time="2016-05-03 08:56:05Z" duration="52.973541">
  <command-line><![CDATA["C:\Users\Student\RUAP-LV4\RUAP_LV4\packages\NUnit.ConsoleRunner.3.2.1\tools\nunit3-console.exe"  C:\Users\Student\RUAP-LV4\RUAP_LV4\RUAP_LV4.sln]]></command-line>
  <test-suite type="Project" id="2" name="RUAP_LV4.sln" fullname="C:\Users\Student\RUAP-LV4\RUAP_LV4\RUAP_LV4.sln" testcasecount="2" result="Failed" site="Child" total="2" passed="1" failed="1" inconclusive="0" skipped="0" asserts="4">
    <test-suite type="Assembly" id="1-1003" name="RUAP_LV4.dll" fullname="C:\Users\Student\RUAP-LV4\RUAP_LV4\RUAP_LV4\bin\Debug\RUAP_LV4.dll" runstate="Runnable" testcasecount="2" result="Failed" site="Child" start-time="2016-05-03 08:55:13Z" end-time="2016-05-03 08:56:05Z" duration="52.904868" total="2" passed="1" failed="1" inconclusive="0" skipped="0" asserts="4">
      <environment framework-version="3.2.1.0" clr-version="4.0.30319.42000" os-version="Microsoft Windows NT 6.1.7601 Service Pack 1" platform="Win32NT" cwd="C:\Users\Student\RUAP-LV4\RUAP_LV4" machine-name="K301-17" user="Student" user-domain="K301-17" culture="hr-HR" uiculture="en-US" os-architecture="x64" />
      <settings>
        <setting name="WorkDirectory" value="C:\Users\Student\RUAP-LV4\RUAP_LV4" />
        <setting name="ImageRuntimeVersion" value="4.0.30319" />
        <setting name="ImageTargetFrameworkName" value=".NETFramework,Version=v4.5" />
        <setting name="ImageRequiresX86" value="False" />
        <setting name="ImageRequiresDefaultAppDomainAssemblyResolver" value="False" />
        <setting name="NumberOfTestWorkers" value="2" />
      </settings>
      <properties>
        <property name="_PID" value="2788" />
        <property name="_APPDOMAIN" value="test-domain-RUAP_LV4.sln" />
      </properties>
      <failure>
        <message><![CDATA[One or more child tests had errors]]></message>
      </failure>
      <test-suite type="TestSuite" id="1-1004" name="SeleniumTests" fullname="SeleniumTests" runstate="Runnable" testcasecount="2" result="Failed" site="Child" start-time="2016-05-03 08:55:13Z" end-time="2016-05-03 08:56:05Z" duration="52.891497" total="2" passed="1" failed="1" inconclusive="0" skipped="0" asserts="4">
        <failure>
          <message><![CDATA[One or more child tests had errors]]></message>
        </failure>
        <test-suite type="TestFixture" id="1-1000" name="Test" fullname="SeleniumTests.Test" classname="SeleniumTests.Test" runstate="Runnable" testcasecount="2" result="Failed" site="Child" start-time="2016-05-03 08:55:13Z" end-time="2016-05-03 08:56:05Z" duration="52.888167" total="2" passed="1" failed="1" inconclusive="0" skipped="0" asserts="4">
          <failure>
            <message><![CDATA[One or more child tests had errors]]></message>
          </failure>
          <test-case id="1-1002" name="The2Test" fullname="SeleniumTests.Test.The2Test" methodname="The2Test" classname="SeleniumTests.Test" runstate="Runnable" seed="1630670862" result="Passed" start-time="2016-05-03 08:55:13Z" end-time="2016-05-03 08:55:45Z" duration="32.299156" asserts="1" />
          <test-case id="1-1001" name="TheTest" fullname="SeleniumTests.Test.TheTest" methodname="TheTest" classname="SeleniumTests.Test" runstate="Runnable" seed="798259755" result="Failed" label="Error" start-time="2016-05-03 08:55:45Z" end-time="2016-05-03 08:56:05Z" duration="20.572113" asserts="3">
            <failure>
              <message><![CDATA[OpenQA.Selenium.NoSuchElementException : Cannot locate element with text: Brodsko-posavska]]></message>
              <stack-trace><![CDATA[   at OpenQA.Selenium.Support.UI.SelectElement.SelectByText(String text)
   at SeleniumTests.Test.TheTest() in c:\Users\Student\RUAP-LV4\RUAP_LV4\RUAP_LV4\UnitTest1.cs:line 70]]></stack-trace>
            </failure>
          </test-case>
        </test-suite>
      </test-suite>
    </test-suite>
  </test-suite>
</test-run>